This is pdfTeX, Version 3.14159265-2.6-1.40.17 (MiKTeX 2.9 64-bit) (preloaded format=pdflatex 2016.10.31)  9 AUG 2017 15:40
entering extended mode
**./preview.tex
(preview.tex
LaTeX2e <2016/03/31> patch level 3
Babel <3.9r> and hyphenation patterns for 75 language(s) loaded.
("C:\Program Files\MiKTeX 2.9\tex\latex\base\article.cls"
Document Class: article 2014/09/29 v1.4h Standard LaTeX document class
("C:\Program Files\MiKTeX 2.9\tex\latex\base\size10.clo"
File: size10.clo 2014/09/29 v1.4h Standard LaTeX file (size option)
)
\c@part=\count79
\c@section=\count80
\c@subsection=\count81
\c@subsubsection=\count82
\c@paragraph=\count83
\c@subparagraph=\count84
\c@figure=\count85
\c@table=\count86
\abovecaptionskip=\skip41
\belowcaptionskip=\skip42
\bibindent=\dimen102
)
("C:\Program Files\MiKTeX 2.9\tex\latex\tools\array.sty"
Package: array 2014/10/28 v2.4c Tabular extension package (FMi)
\col@sep=\dimen103
\extrarowheight=\dimen104
\NC@list=\toks14
\extratabsurround=\skip43
\backup@length=\skip44
) (preview.aux)
\openout1 = `preview.aux'.

LaTeX Font Info:    Checking defaults for OML/cmm/m/it on input line 4.
LaTeX Font Info:    ... okay on input line 4.
LaTeX Font Info:    Checking defaults for T1/cmr/m/n on input line 4.
LaTeX Font Info:    ... okay on input line 4.
LaTeX Font Info:    Checking defaults for OT1/cmr/m/n on input line 4.
LaTeX Font Info:    ... okay on input line 4.
LaTeX Font Info:    Checking defaults for OMS/cmsy/m/n on input line 4.
LaTeX Font Info:    ... okay on input line 4.
LaTeX Font Info:    Checking defaults for OMX/cmex/m/n on input line 4.
LaTeX Font Info:    ... okay on input line 4.
LaTeX Font Info:    Checking defaults for U/cmr/m/n on input line 4.
LaTeX Font Info:    ... okay on input line 4.

(tables.tex (../tables/01-summary_stats.tex
LaTeX Font Info:    External font `cmex10' loaded for size
(Font)              <7> on input line 4.
LaTeX Font Info:    External font `cmex10' loaded for size
(Font)              <5> on input line 4.

Overfull \hbox (132.77873pt too wide) in paragraph at lines 4--40
 [][] 
 []

) (../tables/02-bmkrtype_count.tex
Overfull \hbox (209.07048pt too wide) in paragraph at lines 3--32
 [][] 
 []

) (../tables/03-bmkrdrole_count.tex
Overfull \hbox (145.13971pt too wide) in paragraph at lines 3--32
 [][] 
 []

) (../tables/04a-ppm_count_and_share.tex
Overfull \hbox (323.72325pt too wide) in paragraph at lines 4--33
 [][] 
 []

) (../tables/04b-ppm_count_and_share.tex
Overfull \hbox (323.72325pt too wide) in paragraph at lines 4--33
 [][] 
 []

) (../tables/05a-ppm_count_and_share_cancer.tex
Overfull \hbox (323.72325pt too wide) in paragraph at lines 4--33
 [][] 
 []

) (../tables/05b-ppm_count_and_share_cancer.tex
Overfull \hbox (323.72325pt too wide) in paragraph at lines 4--33
 [][] 
 []

) (../tables/06a-ppm_count_and_share_noncancer.tex
Overfull \hbox (323.72325pt too wide) in paragraph at lines 4--33
 [][] 
 []

) (../tables/06b-ppm_count_and_share_cancer.tex
Overfull \hbox (323.72325pt too wide) in paragraph at lines 4--33
 [][] 
 []

) (../tables/07a-ppm_count_and_share_us.tex
Overfull \hbox (323.72325pt too wide) in paragraph at lines 4--33
 [][] 
 []

) (../tables/07b-ppm_count_and_share_us.tex
Overfull \hbox (323.72325pt too wide) in paragraph at lines 4--33
 [][] 
 []

) (../tables/08a-ppm_count_and_share_non-us.tex
Overfull \hbox (323.72325pt too wide) in paragraph at lines 4--33
 [][] 
 []

) (../tables/08b-ppm_count_and_share_non-us.tex
Overfull \hbox (323.72325pt too wide) in paragraph at lines 4--33
 [][] 
 []

) (../tables/09-nih_funding_by_ppm_and_phase.tex
Overfull \hbox (389.51491pt too wide) in paragraph at lines 4--36
 [][] 
 []

) (../tables/A02-bmkrtype_count_us.tex
Overfull \hbox (209.07048pt too wide) in paragraph at lines 3--32
 [][] 
 []

) (../tables/A03-bmkrdrole_count_us.tex
Overfull \hbox (145.13971pt too wide) in paragraph at lines 3--32
 [][] 
 []

) (../tables/A05a-ppm_count_and_share_cancer_us.tex
Overfull \hbox (323.72325pt too wide) in paragraph at lines 4--33
 [][] 
 []

) (../tables/A05b-ppm_count_and_share_cancer_us.tex
Overfull \hbox (323.72325pt too wide) in paragraph at lines 4--33
 [][] 
 []

) (../tables/A06a-ppm_count_and_share_noncancer_us.tex
Overfull \hbox (323.72325pt too wide) in paragraph at lines 4--33
 [][] 
 []

) (../tables/A06b-ppm_count_and_share_cancer_us.tex
Overfull \hbox (323.72325pt too wide) in paragraph at lines 4--33
 [][] 
 []

)) (figures.tex
! Undefined control sequence.
l.1 \includegraphics
                    {../figures/01a-trial_count_by_phase.eps}
The control sequence at the end of the top line
of your error message was never \def'ed. If you have
misspelled it (e.g., `\hobx'), type `I' and the correct
spelling (e.g., `I\hbox'). Otherwise just continue,
and I'll forget about whatever was undefined.

! Missing $ inserted.
<inserted text> 
                $
l.1 \includegraphics{../figures/01a-trial_
                                          count_by_phase.eps}
I've inserted a begin-math/end-math symbol since I think
you left one out. Proceed, with fingers crossed.

! Extra }, or forgotten $.
l.1 ...cs{../figures/01a-trial_count_by_phase.eps}
                                                  
I've deleted a group-closing symbol because it seems to be
spurious, as in `$x}$'. But perhaps the } is legitimate and
you forgot something else, as in `\hbox{$x}'. In such cases
the way to recover is to insert both the forgotten and the
deleted material, e.g., by typing `I$}'.

! Undefined control sequence.
l.2 \includegraphics
                    {../figures/01b-trial_growth_by_phase.eps}
The control sequence at the end of the top line
of your error message was never \def'ed. If you have
misspelled it (e.g., `\hobx'), type `I' and the correct
spelling (e.g., `I\hbox'). Otherwise just continue,
and I'll forget about whatever was undefined.

! Undefined control sequence.
l.3 \includegraphics
                    {../figures/02a-bmkr_count_by_phase.eps}
The control sequence at the end of the top line
of your error message was never \def'ed. If you have
misspelled it (e.g., `\hobx'), type `I' and the correct
spelling (e.g., `I\hbox'). Otherwise just continue,
and I'll forget about whatever was undefined.

! Undefined control sequence.
l.4 \includegraphics
                    {../figures/02b-bmkr_share_by_phase.eps}
The control sequence at the end of the top line
of your error message was never \def'ed. If you have
misspelled it (e.g., `\hobx'), type `I' and the correct
spelling (e.g., `I\hbox'). Otherwise just continue,
and I'll forget about whatever was undefined.

! Undefined control sequence.
l.5 \includegraphics
                    {../figures/03a-g_ppm_count_by_phase.eps}
The control sequence at the end of the top line
of your error message was never \def'ed. If you have
misspelled it (e.g., `\hobx'), type `I' and the correct
spelling (e.g., `I\hbox'). Otherwise just continue,
and I'll forget about whatever was undefined.

! Undefined control sequence.
l.6 \includegraphics
                    {../figures/03b-g_ppm_share_by_phase.eps}
The control sequence at the end of the top line
of your error message was never \def'ed. If you have
misspelled it (e.g., `\hobx'), type `I' and the correct
spelling (e.g., `I\hbox'). Otherwise just continue,
and I'll forget about whatever was undefined.

! Undefined control sequence.
l.7 \includegraphics
                    {../figures/03c-r_ppm_count_by_phase.eps}
The control sequence at the end of the top line
of your error message was never \def'ed. If you have
misspelled it (e.g., `\hobx'), type `I' and the correct
spelling (e.g., `I\hbox'). Otherwise just continue,
and I'll forget about whatever was undefined.

! Undefined control sequence.
l.8 \includegraphics
                    {../figures/03d-r_ppm_share_by_phase.eps}
The control sequence at the end of the top line
of your error message was never \def'ed. If you have
misspelled it (e.g., `\hobx'), type `I' and the correct
spelling (e.g., `I\hbox'). Otherwise just continue,
and I'll forget about whatever was undefined.

! Undefined control sequence.
l.9 \includegraphics
                    {../figures/04a-trial_count_by_type_g_ppm_phase_1.eps}
The control sequence at the end of the top line
of your error message was never \def'ed. If you have
misspelled it (e.g., `\hobx'), type `I' and the correct
spelling (e.g., `I\hbox'). Otherwise just continue,
and I'll forget about whatever was undefined.

! Double subscript.
l.9 ...phics{../figures/04a-trial_count_by_type_g_
                                                  ppm_phase_1.eps}
I treat `x_1_2' essentially like `x_1{}_2'.

! Undefined control sequence.
l.10 \includegraphics
                     {../figures/04b-trial_count_by_type_g_ppm_phase_2.eps}
The control sequence at the end of the top line
of your error message was never \def'ed. If you have
misspelled it (e.g., `\hobx'), type `I' and the correct
spelling (e.g., `I\hbox'). Otherwise just continue,
and I'll forget about whatever was undefined.

! Double subscript.
l.10 ...hics{../figures/04b-trial_count_by_type_g_
                                                  ppm_phase_2.eps}
I treat `x_1_2' essentially like `x_1{}_2'.

! Undefined control sequence.
l.11 \includegraphics
                     {../figures/04c-trial_count_by_type_g_ppm_phase_3.eps}
The control sequence at the end of the top line
of your error message was never \def'ed. If you have
misspelled it (e.g., `\hobx'), type `I' and the correct
spelling (e.g., `I\hbox'). Otherwise just continue,
and I'll forget about whatever was undefined.

! Double subscript.
l.11 ...hics{../figures/04c-trial_count_by_type_g_
                                                  ppm_phase_3.eps}
I treat `x_1_2' essentially like `x_1{}_2'.

! Undefined control sequence.
l.12 \includegraphics
                     {../figures/04d-trial_count_by_type_r_ppm_phase_1.eps}
The control sequence at the end of the top line
of your error message was never \def'ed. If you have
misspelled it (e.g., `\hobx'), type `I' and the correct
spelling (e.g., `I\hbox'). Otherwise just continue,
and I'll forget about whatever was undefined.

! Double subscript.
l.12 ...hics{../figures/04d-trial_count_by_type_r_
                                                  ppm_phase_1.eps}
I treat `x_1_2' essentially like `x_1{}_2'.

! Undefined control sequence.
l.13 \includegraphics
                     {../figures/04e-trial_count_by_type_r_ppm_phase_2.eps}
The control sequence at the end of the top line
of your error message was never \def'ed. If you have
misspelled it (e.g., `\hobx'), type `I' and the correct
spelling (e.g., `I\hbox'). Otherwise just continue,
and I'll forget about whatever was undefined.

! Double subscript.
l.13 ...hics{../figures/04e-trial_count_by_type_r_
                                                  ppm_phase_2.eps}
I treat `x_1_2' essentially like `x_1{}_2'.

! Undefined control sequence.
l.14 \includegraphics
                     {../figures/04f-trial_count_by_type_r_ppm_phase_3.eps}
The control sequence at the end of the top line
of your error message was never \def'ed. If you have
misspelled it (e.g., `\hobx'), type `I' and the correct
spelling (e.g., `I\hbox'). Otherwise just continue,
and I'll forget about whatever was undefined.

! Double subscript.
l.14 ...hics{../figures/04f-trial_count_by_type_r_
                                                  ppm_phase_3.eps}
I treat `x_1_2' essentially like `x_1{}_2'.

! Undefined control sequence.
l.15 \includegraphics
                     {../figures/05a-g_ppm_count_by_phase_cancer.eps}
The control sequence at the end of the top line
of your error message was never \def'ed. If you have
misspelled it (e.g., `\hobx'), type `I' and the correct
spelling (e.g., `I\hbox'). Otherwise just continue,
and I'll forget about whatever was undefined.

! Undefined control sequence.
l.16 \includegraphics
                     {../figures/05b-g_ppm_share_by_phase_cancer.eps}
The control sequence at the end of the top line
of your error message was never \def'ed. If you have
misspelled it (e.g., `\hobx'), type `I' and the correct
spelling (e.g., `I\hbox'). Otherwise just continue,
and I'll forget about whatever was undefined.

! Undefined control sequence.
l.17 \includegraphics
                     {../figures/05c-r_ppm_count_by_phase_cancer.eps}
The control sequence at the end of the top line
of your error message was never \def'ed. If you have
misspelled it (e.g., `\hobx'), type `I' and the correct
spelling (e.g., `I\hbox'). Otherwise just continue,
and I'll forget about whatever was undefined.

! Undefined control sequence.
l.18 \includegraphics
                     {../figures/05d-r_ppm_share_by_phase_cancer.eps}
The control sequence at the end of the top line
of your error message was never \def'ed. If you have
misspelled it (e.g., `\hobx'), type `I' and the correct
spelling (e.g., `I\hbox'). Otherwise just continue,
and I'll forget about whatever was undefined.

! Undefined control sequence.
l.19 \includegraphics
                     {../figures/06a-g_ppm_count_by_phase_noncancer.eps}
The control sequence at the end of the top line
of your error message was never \def'ed. If you have
misspelled it (e.g., `\hobx'), type `I' and the correct
spelling (e.g., `I\hbox'). Otherwise just continue,
and I'll forget about whatever was undefined.

! Undefined control sequence.
l.20 \includegraphics
                     {../figures/06b-g_ppm_share_by_phase_noncancer.eps}
The control sequence at the end of the top line
of your error message was never \def'ed. If you have
misspelled it (e.g., `\hobx'), type `I' and the correct
spelling (e.g., `I\hbox'). Otherwise just continue,
and I'll forget about whatever was undefined.

! Undefined control sequence.
l.21 \includegraphics
                     {../figures/06c-r_ppm_count_by_phase_noncancer.eps}
The control sequence at the end of the top line
of your error message was never \def'ed. If you have
misspelled it (e.g., `\hobx'), type `I' and the correct
spelling (e.g., `I\hbox'). Otherwise just continue,
and I'll forget about whatever was undefined.

! Undefined control sequence.
l.22 \includegraphics
                     {../figures/06d-r_ppm_share_by_phase_noncancer.eps}
The control sequence at the end of the top line
of your error message was never \def'ed. If you have
misspelled it (e.g., `\hobx'), type `I' and the correct
spelling (e.g., `I\hbox'). Otherwise just continue,
and I'll forget about whatever was undefined.

! Undefined control sequence.
l.23 \includegraphics
                     {../figures/07a-g_ppm_count_by_phase_us.eps}
The control sequence at the end of the top line
of your error message was never \def'ed. If you have
misspelled it (e.g., `\hobx'), type `I' and the correct
spelling (e.g., `I\hbox'). Otherwise just continue,
and I'll forget about whatever was undefined.

! Undefined control sequence.
l.24 \includegraphics
                     {../figures/07b-g_ppm_share_by_phase_us.eps}
The control sequence at the end of the top line
of your error message was never \def'ed. If you have
misspelled it (e.g., `\hobx'), type `I' and the correct
spelling (e.g., `I\hbox'). Otherwise just continue,
and I'll forget about whatever was undefined.

! Undefined control sequence.
l.25 \includegraphics
                     {../figures/07c-r_ppm_count_by_phase_us.eps}
The control sequence at the end of the top line
of your error message was never \def'ed. If you have
misspelled it (e.g., `\hobx'), type `I' and the correct
spelling (e.g., `I\hbox'). Otherwise just continue,
and I'll forget about whatever was undefined.

! Undefined control sequence.
l.26 \includegraphics
                     {../figures/07d-r_ppm_share_by_phase_us.eps}
The control sequence at the end of the top line
of your error message was never \def'ed. If you have
misspelled it (e.g., `\hobx'), type `I' and the correct
spelling (e.g., `I\hbox'). Otherwise just continue,
and I'll forget about whatever was undefined.

! Undefined control sequence.
l.27 \includegraphics
                     {../figures/08a-g_ppm_count_by_phase_non-us.eps}
The control sequence at the end of the top line
of your error message was never \def'ed. If you have
misspelled it (e.g., `\hobx'), type `I' and the correct
spelling (e.g., `I\hbox'). Otherwise just continue,
and I'll forget about whatever was undefined.

! Undefined control sequence.
l.28 \includegraphics
                     {../figures/08b-g_ppm_share_by_phase_non-us.eps}
The control sequence at the end of the top line
of your error message was never \def'ed. If you have
misspelled it (e.g., `\hobx'), type `I' and the correct
spelling (e.g., `I\hbox'). Otherwise just continue,
and I'll forget about whatever was undefined.

! Undefined control sequence.
l.29 \includegraphics
                     {../figures/08c-r_ppm_count_by_phase_non-us.eps}
The control sequence at the end of the top line
of your error message was never \def'ed. If you have
misspelled it (e.g., `\hobx'), type `I' and the correct
spelling (e.g., `I\hbox'). Otherwise just continue,
and I'll forget about whatever was undefined.

! Undefined control sequence.
l.30 \includegraphics
                     {../figures/08d-r_ppm_share_by_phase_non-us.eps}
The control sequence at the end of the top line
of your error message was never \def'ed. If you have
misspelled it (e.g., `\hobx'), type `I' and the correct
spelling (e.g., `I\hbox'). Otherwise just continue,
and I'll forget about whatever was undefined.

! Undefined control sequence.
l.31 \includegraphics
                     {../figures/09a-nih_share_by_phase.eps}
The control sequence at the end of the top line
of your error message was never \def'ed. If you have
misspelled it (e.g., `\hobx'), type `I' and the correct
spelling (e.g., `I\hbox'). Otherwise just continue,
and I'll forget about whatever was undefined.

! Undefined control sequence.
l.32 \includegraphics
                     {../figures/09b-nih_share_by_phase_g_ppm.eps}
The control sequence at the end of the top line
of your error message was never \def'ed. If you have
misspelled it (e.g., `\hobx'), type `I' and the correct
spelling (e.g., `I\hbox'). Otherwise just continue,
and I'll forget about whatever was undefined.

! Double subscript.
l.32 ...phics{../figures/09b-nih_share_by_phase_g_
                                                  ppm.eps}
I treat `x_1_2' essentially like `x_1{}_2'.

! Undefined control sequence.
l.33 \includegraphics
                     {../figures/09c-nih_share_by_phase_r_ppm.eps}
The control sequence at the end of the top line
of your error message was never \def'ed. If you have
misspelled it (e.g., `\hobx'), type `I' and the correct
spelling (e.g., `I\hbox'). Otherwise just continue,
and I'll forget about whatever was undefined.

! Double subscript.
l.33 ...phics{../figures/09c-nih_share_by_phase_r_
                                                  ppm.eps}
I treat `x_1_2' essentially like `x_1{}_2'.

! Undefined control sequence.
l.34 \includegraphics
                     {../figures/A01a-trial_count_by_phase_us.eps}
The control sequence at the end of the top line
of your error message was never \def'ed. If you have
misspelled it (e.g., `\hobx'), type `I' and the correct
spelling (e.g., `I\hbox'). Otherwise just continue,
and I'll forget about whatever was undefined.

! Undefined control sequence.
l.35 \includegraphics
                     {../figures/A01b-trial_growth_by_phase_non-us.eps}
The control sequence at the end of the top line
of your error message was never \def'ed. If you have
misspelled it (e.g., `\hobx'), type `I' and the correct
spelling (e.g., `I\hbox'). Otherwise just continue,
and I'll forget about whatever was undefined.

! Undefined control sequence.
l.36 \includegraphics
                     {../figures/A01b-trial_growth_by_phase_us.eps}
The control sequence at the end of the top line
of your error message was never \def'ed. If you have
misspelled it (e.g., `\hobx'), type `I' and the correct
spelling (e.g., `I\hbox'). Otherwise just continue,
and I'll forget about whatever was undefined.

! Undefined control sequence.
l.37 \includegraphics
                     {../figures/A01c-trial_count_by_phase_non-us.eps}
The control sequence at the end of the top line
of your error message was never \def'ed. If you have
misspelled it (e.g., `\hobx'), type `I' and the correct
spelling (e.g., `I\hbox'). Otherwise just continue,
and I'll forget about whatever was undefined.

! Undefined control sequence.
l.38 \includegraphics
                     {../figures/A02a-bmkr_count_by_phase_us.eps}
The control sequence at the end of the top line
of your error message was never \def'ed. If you have
misspelled it (e.g., `\hobx'), type `I' and the correct
spelling (e.g., `I\hbox'). Otherwise just continue,
and I'll forget about whatever was undefined.

! Undefined control sequence.
l.39 \includegraphics
                     {../figures/A02b-bmkr_share_by_phase_us.eps}
The control sequence at the end of the top line
of your error message was never \def'ed. If you have
misspelled it (e.g., `\hobx'), type `I' and the correct
spelling (e.g., `I\hbox'). Otherwise just continue,
and I'll forget about whatever was undefined.

! Undefined control sequence.
l.40 \includegraphics
                     {../figures/A03a-g_ppm_count_by_phase_us.eps}
The control sequence at the end of the top line
of your error message was never \def'ed. If you have
misspelled it (e.g., `\hobx'), type `I' and the correct
spelling (e.g., `I\hbox'). Otherwise just continue,
and I'll forget about whatever was undefined.

! Undefined control sequence.
l.41 \includegraphics
                     {../figures/A03b-g_ppm_share_by_phase_us.eps}
The control sequence at the end of the top line
of your error message was never \def'ed. If you have
misspelled it (e.g., `\hobx'), type `I' and the correct
spelling (e.g., `I\hbox'). Otherwise just continue,
and I'll forget about whatever was undefined.

! Undefined control sequence.
l.42 \includegraphics
                     {../figures/A03c-r_ppm_count_by_phase_us.eps}
The control sequence at the end of the top line
of your error message was never \def'ed. If you have
misspelled it (e.g., `\hobx'), type `I' and the correct
spelling (e.g., `I\hbox'). Otherwise just continue,
and I'll forget about whatever was undefined.

! Undefined control sequence.
l.43 \includegraphics
                     {../figures/A03d-r_ppm_share_by_phase_us.eps}
The control sequence at the end of the top line
of your error message was never \def'ed. If you have
misspelled it (e.g., `\hobx'), type `I' and the correct
spelling (e.g., `I\hbox'). Otherwise just continue,
and I'll forget about whatever was undefined.

! Undefined control sequence.
l.44 \includegraphics
                     {../figures/A04a-trial_count_by_type_g_ppm_phase_1_us.eps}
The control sequence at the end of the top line
of your error message was never \def'ed. If you have
misspelled it (e.g., `\hobx'), type `I' and the correct
spelling (e.g., `I\hbox'). Otherwise just continue,
and I'll forget about whatever was undefined.

! Double subscript.
l.44 ...ics{../figures/A04a-trial_count_by_type_g_
                                                  ppm_phase_1_us.eps}
I treat `x_1_2' essentially like `x_1{}_2'.

! Double subscript.
l.44 ...es/A04a-trial_count_by_type_g_ppm_phase_1_
                                                  us.eps}
I treat `x_1_2' essentially like `x_1{}_2'.

! Undefined control sequence.
l.45 \includegraphics
                     {../figures/A04b-trial_count_by_type_g_ppm_phase_2_us.eps}
The control sequence at the end of the top line
of your error message was never \def'ed. If you have
misspelled it (e.g., `\hobx'), type `I' and the correct
spelling (e.g., `I\hbox'). Otherwise just continue,
and I'll forget about whatever was undefined.

! Double subscript.
l.45 ...ics{../figures/A04b-trial_count_by_type_g_
                                                  ppm_phase_2_us.eps}
I treat `x_1_2' essentially like `x_1{}_2'.

! Double subscript.
l.45 ...es/A04b-trial_count_by_type_g_ppm_phase_2_
                                                  us.eps}
I treat `x_1_2' essentially like `x_1{}_2'.

! Undefined control sequence.
l.46 \includegraphics
                     {../figures/A04c-trial_count_by_type_g_ppm_phase_3_us.eps}
The control sequence at the end of the top line
of your error message was never \def'ed. If you have
misspelled it (e.g., `\hobx'), type `I' and the correct
spelling (e.g., `I\hbox'). Otherwise just continue,
and I'll forget about whatever was undefined.

! Double subscript.
l.46 ...ics{../figures/A04c-trial_count_by_type_g_
                                                  ppm_phase_3_us.eps}
I treat `x_1_2' essentially like `x_1{}_2'.

! Double subscript.
l.46 ...es/A04c-trial_count_by_type_g_ppm_phase_3_
                                                  us.eps}
I treat `x_1_2' essentially like `x_1{}_2'.

! Undefined control sequence.
l.47 \includegraphics
                     {../figures/A04d-trial_count_by_type_r_ppm_phase_1_us.eps}
The control sequence at the end of the top line
of your error message was never \def'ed. If you have
misspelled it (e.g., `\hobx'), type `I' and the correct
spelling (e.g., `I\hbox'). Otherwise just continue,
and I'll forget about whatever was undefined.

! Double subscript.
l.47 ...ics{../figures/A04d-trial_count_by_type_r_
                                                  ppm_phase_1_us.eps}
I treat `x_1_2' essentially like `x_1{}_2'.

! Double subscript.
l.47 ...es/A04d-trial_count_by_type_r_ppm_phase_1_
                                                  us.eps}
I treat `x_1_2' essentially like `x_1{}_2'.

! Undefined control sequence.
l.48 \includegraphics
                     {../figures/A04e-trial_count_by_type_r_ppm_phase_2_us.eps}
The control sequence at the end of the top line
of your error message was never \def'ed. If you have
misspelled it (e.g., `\hobx'), type `I' and the correct
spelling (e.g., `I\hbox'). Otherwise just continue,
and I'll forget about whatever was undefined.

! Double subscript.
l.48 ...ics{../figures/A04e-trial_count_by_type_r_
                                                  ppm_phase_2_us.eps}
I treat `x_1_2' essentially like `x_1{}_2'.

! Double subscript.
l.48 ...es/A04e-trial_count_by_type_r_ppm_phase_2_
                                                  us.eps}
I treat `x_1_2' essentially like `x_1{}_2'.

! Undefined control sequence.
l.49 \includegraphics
                     {../figures/A04f-trial_count_by_type_r_ppm_phase_3_us.eps}
The control sequence at the end of the top line
of your error message was never \def'ed. If you have
misspelled it (e.g., `\hobx'), type `I' and the correct
spelling (e.g., `I\hbox'). Otherwise just continue,
and I'll forget about whatever was undefined.

! Double subscript.
l.49 ...ics{../figures/A04f-trial_count_by_type_r_
                                                  ppm_phase_3_us.eps}
I treat `x_1_2' essentially like `x_1{}_2'.

! Double subscript.
l.49 ...es/A04f-trial_count_by_type_r_ppm_phase_3_
                                                  us.eps}
I treat `x_1_2' essentially like `x_1{}_2'.

! Undefined control sequence.
l.50 \includegraphics
                     {../figures/A05a-g_ppm_count_by_phase_cancer_us.eps}
The control sequence at the end of the top line
of your error message was never \def'ed. If you have
misspelled it (e.g., `\hobx'), type `I' and the correct
spelling (e.g., `I\hbox'). Otherwise just continue,
and I'll forget about whatever was undefined.

! Undefined control sequence.
l.51 \includegraphics
                     {../figures/A05b-g_ppm_share_by_phase_cancer_us.eps}
The control sequence at the end of the top line
of your error message was never \def'ed. If you have
misspelled it (e.g., `\hobx'), type `I' and the correct
spelling (e.g., `I\hbox'). Otherwise just continue,
and I'll forget about whatever was undefined.

! Undefined control sequence.
l.52 \includegraphics
                     {../figures/A05c-r_ppm_count_by_phase_cancer_us.eps}
The control sequence at the end of the top line
of your error message was never \def'ed. If you have
misspelled it (e.g., `\hobx'), type `I' and the correct
spelling (e.g., `I\hbox'). Otherwise just continue,
and I'll forget about whatever was undefined.

! Undefined control sequence.
l.53 \includegraphics
                     {../figures/A05d-r_ppm_share_by_phase_cancer_us.eps}
The control sequence at the end of the top line
of your error message was never \def'ed. If you have
misspelled it (e.g., `\hobx'), type `I' and the correct
spelling (e.g., `I\hbox'). Otherwise just continue,
and I'll forget about whatever was undefined.

! Undefined control sequence.
l.54 \includegraphics
                     {../figures/A06a-g_ppm_count_by_phase_noncancer_us.eps}
The control sequence at the end of the top line
of your error message was never \def'ed. If you have
misspelled it (e.g., `\hobx'), type `I' and the correct
spelling (e.g., `I\hbox'). Otherwise just continue,
and I'll forget about whatever was undefined.

! Undefined control sequence.
l.55 \includegraphics
                     {../figures/A06b-g_ppm_share_by_phase_noncancer_us.eps}
The control sequence at the end of the top line
of your error message was never \def'ed. If you have
misspelled it (e.g., `\hobx'), type `I' and the correct
spelling (e.g., `I\hbox'). Otherwise just continue,
and I'll forget about whatever was undefined.

! Undefined control sequence.
l.56 \includegraphics
                     {../figures/A06c-r_ppm_count_by_phase_noncancer_us.eps}
The control sequence at the end of the top line
of your error message was never \def'ed. If you have
misspelled it (e.g., `\hobx'), type `I' and the correct
spelling (e.g., `I\hbox'). Otherwise just continue,
and I'll forget about whatever was undefined.

! Undefined control sequence.
l.57 \includegraphics
                     {../figures/A06d-r_ppm_share_by_phase_noncancer_us.eps}
The control sequence at the end of the top line
of your error message was never \def'ed. If you have
misspelled it (e.g., `\hobx'), type `I' and the correct
spelling (e.g., `I\hbox'). Otherwise just continue,
and I'll forget about whatever was undefined.

)
! Missing $ inserted.
<inserted text> 
                $
l.7 \end{document}
                  
I've inserted a begin-math/end-math symbol since I think
you left one out. Proceed, with fingers crossed.


Overfull \hbox (11451.95262pt too wide) in paragraph at lines 1--7
[]\OT1/cmr/m/n/10 ../figures/01a-trial$[]\OML/cmm/m/it/10 ount[]y[]hase:eps[][]
[][][][][][][][][][][][][][][][][][][][][][][][][][][][][][][][][][][][][][][][
][][][][][][][][][][][][][][]$ 
 []

[1

{C:/ProgramData/MiKTeX/2.9/pdftex/config/pdftex.map}] [2] [3] [4] [5]
[6] [7] [8] [9] [10] [11] [12] [13] [14] [15] [16] [17] [18] [19] [20]
(preview.aux) )
(\end occurred inside a group at level 1)

### simple group (level 1) entered at line 1 ({)
### bottom level 
Here is how much of TeX's memory you used:
 322 strings out of 493334
 4963 string characters out of 3139245
 269390 words of memory out of 3000000
 3867 multiletter control sequences out of 15000+200000
 3640 words of font info for 14 fonts, out of 3000000 for 9000
 1141 hyphenation exceptions out of 8191
 23i,11n,17p,610b,211s stack positions out of 5000i,500n,10000p,200000b,50000s
<C:/Program Files/MiKTeX 2.9/fonts/type1/public/amsfonts/cm/cmm
i10.pfb><C:/Program Files/MiKTeX 2.9/fonts/type1/public/amsfonts/cm/cmmi7.pfb><
C:/Program Files/MiKTeX 2.9/fonts/type1/public/amsfonts/cm/cmr10.pfb><C:/Progra
m Files/MiKTeX 2.9/fonts/type1/public/amsfonts/cm/cmr7.pfb><C:/Program Files/Mi
KTeX 2.9/fonts/type1/public/amsfonts/cm/cmsy10.pfb>
Output written on preview.pdf (20 pages, 91868 bytes).
PDF statistics:
 87 PDF objects out of 1000 (max. 8388607)
 0 named destinations out of 1000 (max. 500000)
 1 words of extra memory for PDF output out of 10000 (max. 10000000)

