
  ___  ____  ____  ____  ____ (R)
 /__    /   ____/   /   ____/
___/   /   /___/   /   /___/   14.2   Copyright 1985-2015 StataCorp LP
  Statistics/Data Analysis            StataCorp
                                      4905 Lakeway Drive
     MP - Parallel Edition            College Station, Texas 77845 USA
                                      800-STATA-PC        http://www.stata.com
                                      979-696-4600        stata@stata.com
                                      979-696-4601 (fax)

18-user 8-core Stata network perpetual license:
       Serial number:  501406201034
         Licensed to:  National Bureau of Economic Research
                       Cambridge, MA 02138

Notes:
      1.  Stata is running in batch mode.
      2.  Unicode is supported; see help unicode_advice.
      3.  More than 2 billion observations are allowed; see help obs_advice.
      4.  Maximum number of variables is set to 5000; see help set_maxvar.


running /disk/admin/Linux-local/stata14/sysprofile.do ...

. do 02_Cleanse_P2_Data.do 

. /****************************************************************************
> *******
> File        : 1_Cleanse_P2_Data.do
> Authors     : Alice Ndikumana
> Created     : 20 Jun 2016
> Modified    : 02 Sept 2016
> Description : Format data from cortellis export including: changing variable 
> type to
> numeric or calendar date, change variable names to lowercase, separate multip
> le
> word variable names by '_'
> *****************************************************************************
> ******/
. 
. run setup.do

. 
. use "$interim/P2_Clinical_Trial_Starts_1995-2015_merged.dta"
file ../data/interim/P2_Clinical_Trial_Starts_1995-2015_merged.dta not found
r(601);

end of do-file
r(601);
